<?xml version="1.0" encoding="UTF-8"?>
<testng-results ignored="0" total="1" passed="1" failed="0" skipped="0">
  <reporter-output>
  </reporter-output>
  <suite started-at="2023-11-16T18:35:19 IST" name="Default suite" finished-at="2023-11-16T18:36:02 IST" duration-ms="42988">
    <groups>
    </groups>
    <test started-at="2023-11-16T18:35:19 IST" name="Default test" finished-at="2023-11-16T18:36:02 IST" duration-ms="42988">
      <class name="sampleproject.TestClass">
        <test-method signature="launch()[pri:0, instance:sampleproject.TestClass@6574a52c]" started-at="2023-11-16T18:35:19 IST" name="launch" finished-at="2023-11-16T18:36:02 IST" duration-ms="42757" status="PASS">
          <reporter-output>
          </reporter-output>
        </test-method> <!-- launch -->
      </class> <!-- sampleproject.TestClass -->
    </test> <!-- Default test -->
  </suite> <!-- Default suite -->
</testng-results>
