<?xml version="1.0" encoding="UTF-8"?>
<testng-results ignored="0" total="1" passed="1" failed="0" skipped="0">
  <reporter-output>
  </reporter-output>
  <suite started-at="2023-11-17T11:21:44 IST" name="Default suite" finished-at="2023-11-17T11:21:51 IST" duration-ms="6960">
    <groups>
    </groups>
    <test started-at="2023-11-17T11:21:44 IST" name="Default test" finished-at="2023-11-17T11:21:51 IST" duration-ms="6960">
      <class name="sampleproject.TestClass">
        <test-method signature="launch()[pri:0, instance:sampleproject.TestClass@6c1a5b54]" started-at="2023-11-17T11:21:44 IST" name="launch" finished-at="2023-11-17T11:21:51 IST" duration-ms="6908" status="PASS">
          <reporter-output>
          </reporter-output>
        </test-method> <!-- launch -->
      </class> <!-- sampleproject.TestClass -->
    </test> <!-- Default test -->
  </suite> <!-- Default suite -->
</testng-results>
